<?xml version="1.0" encoding="UTF-8"?>
<testng-results ignored="0" total="1" passed="1" failed="0" skipped="0">
  <reporter-output>
  </reporter-output>
  <suite started-at="2020-10-22T12:35:23Z" name="Default suite" finished-at="2020-10-22T12:36:34Z" duration-ms="71283">
    <groups>
    </groups>
    <test started-at="2020-10-22T12:35:23Z" name="Default test" finished-at="2020-10-22T12:36:34Z" duration-ms="71283">
      <class name="Mypkg.NewTest">
        <test-method is-config="true" signature="initialze()[pri:0, instance:Mypkg.NewTest@222a59e6]" started-at="2020-10-22T12:35:23Z" name="initialze" finished-at="2020-10-22T12:35:37Z" duration-ms="14062" status="PASS">
          <reporter-output>
          </reporter-output>
        </test-method> <!-- initialze -->
        <test-method signature="f()[pri:1, instance:Mypkg.NewTest@222a59e6]" started-at="2020-10-22T12:35:37Z" name="f" finished-at="2020-10-22T12:36:34Z" duration-ms="56964" status="PASS">
          <reporter-output>
          </reporter-output>
        </test-method> <!-- f -->
        <test-method is-config="true" signature="teardown()[pri:0, instance:Mypkg.NewTest@222a59e6]" started-at="2020-10-22T12:36:34Z" name="teardown" finished-at="2020-10-22T12:36:34Z" duration-ms="1" status="PASS">
          <reporter-output>
          </reporter-output>
        </test-method> <!-- teardown -->
      </class> <!-- Mypkg.NewTest -->
    </test> <!-- Default test -->
  </suite> <!-- Default suite -->
</testng-results>
